<?xml version="1.0" encoding="UTF-8"?>
<testsuite xmlns:xsi="http://www.w3.org/2001/XMLSchema-instance" xsi:noNamespaceSchemaLocation="https://maven.apache.org/surefire/maven-surefire-plugin/xsd/surefire-test-report.xsd" name="UserUpdateTest" time="11.584" tests="6" errors="0" skipped="0" failures="0">
  <properties>
[...]
</properties>
  <testcase name="updatePasswordWithoutAuthTest" classname="UserUpdateTest" time="1.617"/>
  <testcase name="updatePasswordWithAuthTest" classname="UserUpdateTest" time="3.432"/>
  <testcase name="updateEmailWithoutAuthTest" classname="UserUpdateTest" time="1.607"/>
  <testcase name="updateEmailWithAuthTest" classname="UserUpdateTest" time="1.666"/>
  <testcase name="updateNameWithAuthTest" classname="UserUpdateTest" time="1.644"/>
  <testcase name="updateNameWithoutAuthTest" classname="UserUpdateTest" time="1.616"/>
</testsuite>